<?xml version="1.0" encoding="UTF-8"?>
<!-- Generated by org.testng.reporters.JUnitXMLReporter -->
<testsuite ignored="0" hostname="Kishwors-MacBook-Pro.local" failures="1" tests="2" name="Test" time="53.367" errors="0" timestamp="2021-02-15T20:34:04 EST">
  <testcase classname="seleniumTest.AddToCart" name="addItemsToCart" time="20.935">
    <skipped/>
  </testcase> <!-- addItemsToCart -->
  <testcase classname="seleniumTest.AddToCart" name="addItemsToCart" time="20.788">
    <failure type="java.lang.AssertionError" message="expected [true] but found [false]">
      <![CDATA[java.lang.AssertionError: expected [true] but found [false]
at seleniumTestMethod.AddItemsToCart.addToCart(AddItemsToCart.java:43)
at seleniumTest.AddToCart.addItemsToCart(AddToCart.java:13)
at java.base/java.util.ArrayList.forEach(ArrayList.java:1511)
... Removed 31 stack frames]]>
    </failure>
  </testcase> <!-- addItemsToCart -->
</testsuite> <!-- Test -->
